<?xml version="1.0" encoding="UTF-8"?>
<!-- Generated by org.testng.reporters.JUnitReportReporter -->
<testsuite skipped="0" hostname="CHPNXDT-424" name="DataAccess.ReadJsonTest" tests="1" failures="0" timestamp="2021-07-18T00:27:09 IST" time="0.313" errors="0">
  <testcase name="testJSONFiletoStringUsingNode" time="0.313" classname="DataAccess.ReadJsonTest"/>
  <system-out/>
</testsuite> <!-- DataAccess.ReadJsonTest -->
